2019-04-02 22:03:04,955 INFO o.s.b.StartupInfoLogger [restartedMain] Starting WeddingApplication on Vincent-PC with PID 23144 (C:\Users\Vincent\git\WeddingApp\wedding\target\classes started by Vincent in C:\Users\Vincent\git\WeddingApp\wedding)
2019-04-02 22:03:04,963 INFO o.s.b.SpringApplication [restartedMain] No active profile set, falling back to default profiles: default
2019-04-02 22:03:05,014 INFO o.s.b.l.DeferredLog [restartedMain] Devtools property defaults active! Set 'spring.devtools.add-properties' to 'false' to disable
2019-04-02 22:03:05,015 INFO o.s.b.l.DeferredLog [restartedMain] For additional web related logging consider setting the 'logging.level.web' property to 'DEBUG'
2019-04-02 22:03:05,724 INFO o.s.d.r.c.RepositoryConfigurationDelegate [restartedMain] Bootstrapping Spring Data repositories in DEFAULT mode.
2019-04-02 22:03:05,793 INFO o.s.d.r.c.RepositoryConfigurationDelegate [restartedMain] Finished Spring Data repository scanning in 63ms. Found 4 repository interfaces.
2019-04-02 22:03:06,054 INFO o.s.c.s.PostProcessorRegistrationDelegate$BeanPostProcessorChecker [restartedMain] Bean 'org.springframework.transaction.annotation.ProxyTransactionManagementConfiguration' of type [org.springframework.transaction.annotation.ProxyTransactionManagementConfiguration$$EnhancerBySpringCGLIB$$65fcad06] is not eligible for getting processed by all BeanPostProcessors (for example: not eligible for auto-proxying)
2019-04-02 22:03:06,088 INFO o.s.c.s.PostProcessorRegistrationDelegate$BeanPostProcessorChecker [restartedMain] Bean 'org.springframework.security.config.annotation.configuration.ObjectPostProcessorConfiguration' of type [org.springframework.security.config.annotation.configuration.ObjectPostProcessorConfiguration$$EnhancerBySpringCGLIB$$feaa7540] is not eligible for getting processed by all BeanPostProcessors (for example: not eligible for auto-proxying)
2019-04-02 22:03:06,094 INFO o.s.c.s.PostProcessorRegistrationDelegate$BeanPostProcessorChecker [restartedMain] Bean 'objectPostProcessor' of type [org.springframework.security.config.annotation.configuration.AutowireBeanFactoryObjectPostProcessor] is not eligible for getting processed by all BeanPostProcessors (for example: not eligible for auto-proxying)
2019-04-02 22:03:06,096 INFO o.s.c.s.PostProcessorRegistrationDelegate$BeanPostProcessorChecker [restartedMain] Bean 'org.springframework.security.access.expression.method.DefaultMethodSecurityExpressionHandler@44eba981' of type [org.springframework.security.access.expression.method.DefaultMethodSecurityExpressionHandler] is not eligible for getting processed by all BeanPostProcessors (for example: not eligible for auto-proxying)
2019-04-02 22:03:06,099 INFO o.s.c.s.PostProcessorRegistrationDelegate$BeanPostProcessorChecker [restartedMain] Bean 'org.springframework.security.config.annotation.method.configuration.GlobalMethodSecurityConfiguration' of type [org.springframework.security.config.annotation.method.configuration.GlobalMethodSecurityConfiguration$$EnhancerBySpringCGLIB$$237f17f2] is not eligible for getting processed by all BeanPostProcessors (for example: not eligible for auto-proxying)
2019-04-02 22:03:06,102 INFO o.s.c.s.PostProcessorRegistrationDelegate$BeanPostProcessorChecker [restartedMain] Bean 'methodSecurityMetadataSource' of type [org.springframework.security.access.method.DelegatingMethodSecurityMetadataSource] is not eligible for getting processed by all BeanPostProcessors (for example: not eligible for auto-proxying)
2019-04-02 22:03:06,844 INFO o.s.b.w.e.t.TomcatWebServer [restartedMain] Tomcat initialized with port(s): 8080 (http)
2019-04-02 22:03:06,863 INFO o.a.j.l.DirectJDKLog [restartedMain] Initializing ProtocolHandler ["http-nio-8080"]
2019-04-02 22:03:06,871 INFO o.a.j.l.DirectJDKLog [restartedMain] Starting service [Tomcat]
2019-04-02 22:03:06,872 INFO o.a.j.l.DirectJDKLog [restartedMain] Starting Servlet engine: [Apache Tomcat/9.0.17]
2019-04-02 22:03:06,883 INFO o.a.j.l.DirectJDKLog [restartedMain] The APR based Apache Tomcat Native library which allows optimal performance in production environments was not found on the java.library.path: [C:\Program Files\Java\jdk-11\bin;C:\WINDOWS\Sun\Java\bin;C:\WINDOWS\system32;C:\WINDOWS;C:/Program Files/Java/jdk-11/bin/server;C:/Program Files/Java/jdk-11/bin;C:\Program Files\Java\jdk-11\bin;C:\ProgramData\DockerDesktop\version-bin;C:\Program Files\Docker\Docker\Resources\bin;C:\Program Files (x86)\Razer Chroma SDK\bin;C:\Program Files\Razer Chroma SDK\bin;C:\Program Files (x86)\Intel\iCLS Client\;C:\Program Files\Intel\iCLS Client\;C:\ProgramData\Oracle\Java\javapath;C:\Windows\system32;C:\Windows;C:\Windows\System32\Wbem;C:\Windows\System32\WindowsPowerShell\v1.0\;C:\Program Files (x86)\Windows Kits\8.1\Windows Performance Toolkit\;C:\Program Files\Microsoft\Web Platform Installer\;C:\Program Files\apache-maven-3.3.9\bin;C:\Program Files (x86)\GtkSharp\2.12\bin;C:\Program Files\Git\cmd;C:\Program Files\Microsoft SQL Server\130\Tools\Binn\;C:\Program Files (x86)\Skype\Phone\;C:\Program Files (x86)\QuickTime\QTSystem\;C:\Program Files (x86)\NVIDIA Corporation\PhysX\Common;C:\Users\Vincent\AppData\Local\Microsoft\WindowsApps;C:\Program Files (x86)\AnonVPN\bin;C:\Program Files (x86)\Intel\Intel(R) Management Engine Components\DAL;C:\Program Files\Intel\Intel(R) Management Engine Components\DAL;C:\Program Files (x86)\Intel\Intel(R) Management Engine Components\IPT;C:\Program Files\Intel\Intel(R) Management Engine Components\IPT;C:\Program Files\dotnet\;C:\Program Files\MySQL\MySQL Utilities 1.6\;C:\Program Files\nodejs\;C:\Program Files\Java\jdk-9.0.4\bin;C:\WINDOWS\System32\OpenSSH\;C:\Program Files\Microsoft VS Code\bin;C:\Program Files\NVIDIA Corporation\NVIDIA NvDLISR;C:\WINDOWS\system32;C:\WINDOWS;C:\WINDOWS\System32\Wbem;C:\WINDOWS\System32\WindowsPowerShell\v1.0\;C:\WINDOWS\System32\OpenSSH\;C:\Users\Vincent\AppData\Local\Programs\Python\Python37-32\Scripts\;C:\Users\Vincent\AppData\Local\Programs\Python\Python37-32\;C:\Program Files\apache-maven-3.3.9\bin;C:\Program Files\Java\jre1.8.0_91;C:\Users\Vincent\AppData\Local\Microsoft\WindowsApps;C:\Users\Vincent\AppData\Local\atom\bin;C:\Program Files (x86)\AnonVPN\bin;C:\Users\Vincent\AppData\Local\Microsoft\WindowsApps;C:\Users\Vincent\AppData\Roaming\npm;C:\Program Files\Microsoft VS Code\bin;;C:\Program Files\JetBrains\IntelliJ IDEA 2018.3.4\bin;;C:\Program Files\jee-2018-122\eclipse;;.]
2019-04-02 22:03:06,990 INFO o.a.j.l.DirectJDKLog [restartedMain] Initializing Spring embedded WebApplicationContext
2019-04-02 22:03:06,991 INFO o.s.b.w.s.c.ServletWebServerApplicationContext [restartedMain] Root WebApplicationContext: initialization completed in 1976 ms
2019-04-02 22:03:07,129 INFO c.z.h.HikariDataSource [restartedMain] HikariPool-1 - Starting...
2019-04-02 22:03:07,259 INFO c.z.h.HikariDataSource [restartedMain] HikariPool-1 - Start completed.
2019-04-02 22:03:07,316 INFO o.h.j.i.u.LogHelper [restartedMain] HHH000204: Processing PersistenceUnitInfo [
	name: default
	...]
2019-04-02 22:03:07,380 INFO o.h.Version [restartedMain] HHH000412: Hibernate Core {5.4.0.Final}
2019-04-02 22:03:07,382 INFO o.h.c.Environment [restartedMain] HHH000206: hibernate.properties not found
2019-04-02 22:03:07,506 INFO o.h.a.c.r.j.JavaReflectionManager [restartedMain] HCANN000001: Hibernate Commons Annotations {5.1.0.Final}
2019-04-02 22:03:07,605 INFO o.h.d.Dialect [restartedMain] HHH000400: Using dialect: org.hibernate.dialect.MySQL5Dialect
2019-04-02 22:03:08,265 INFO o.h.e.t.j.p.i.JtaPlatformInitiator [restartedMain] HHH000490: Using JtaPlatform implementation: [org.hibernate.engine.transaction.jta.platform.internal.NoJtaPlatform]
2019-04-02 22:03:08,266 INFO o.s.o.j.AbstractEntityManagerFactoryBean [restartedMain] Initialized JPA EntityManagerFactory for persistence unit 'default'
2019-04-02 22:03:08,608 WARN o.s.b.a.o.j.JpaBaseConfiguration$JpaWebConfiguration [restartedMain] spring.jpa.open-in-view is enabled by default. Therefore, database queries may be performed during view rendering. Explicitly configure spring.jpa.open-in-view to disable this warning
2019-04-02 22:03:08,836 INFO o.s.s.w.DefaultSecurityFilterChain [restartedMain] Creating filter chain: Ant [pattern='/auth/login', POST], []
2019-04-02 22:03:08,854 INFO o.s.s.w.DefaultSecurityFilterChain [restartedMain] Creating filter chain: any request, [org.springframework.security.web.context.request.async.WebAsyncManagerIntegrationFilter@493abf07, org.springframework.security.web.context.SecurityContextPersistenceFilter@2dc4f492, org.springframework.security.web.header.HeaderWriterFilter@2dded30, org.springframework.security.web.authentication.logout.LogoutFilter@2e6e3c6d, com.scavettapps.wedding.security.jwt.JwtAuthorizationTokenFilter@22ff9a20, org.springframework.security.web.savedrequest.RequestCacheAwareFilter@5b532d77, org.springframework.security.web.servletapi.SecurityContextHolderAwareRequestFilter@60c07747, org.springframework.security.web.authentication.AnonymousAuthenticationFilter@1f87faf7, org.springframework.security.web.session.SessionManagementFilter@7021e7a2, org.springframework.security.web.access.ExceptionTranslationFilter@768e94af, org.springframework.security.web.access.intercept.FilterSecurityInterceptor@1922fa33]
2019-04-02 22:03:08,976 INFO o.s.s.c.ExecutorConfigurationSupport [restartedMain] Initializing ExecutorService 'applicationTaskExecutor'
2019-04-02 22:03:09,148 INFO o.s.b.d.a.OptionalLiveReloadServer [restartedMain] LiveReload server is running on port 35729
2019-04-02 22:03:09,161 INFO o.a.j.l.DirectJDKLog [restartedMain] Starting ProtocolHandler ["http-nio-8080"]
2019-04-02 22:03:09,182 INFO o.s.b.w.e.t.TomcatWebServer [restartedMain] Tomcat started on port(s): 8080 (http) with context path ''
2019-04-02 22:03:09,184 INFO o.s.b.StartupInfoLogger [restartedMain] Started WeddingApplication in 4.64 seconds (JVM running for 5.65)
2019-04-02 22:03:09,194 INFO c.s.w.DataInitializer [restartedMain] Init test data
2019-04-02 22:03:09,217 INFO o.h.h.i.QueryTranslatorFactoryInitiator [restartedMain] HHH000397: Using ASTQueryTranslatorFactory
2019-04-02 22:03:09,342 INFO c.s.w.DataInitializer [restartedMain] finished test data
2019-04-02 22:03:09,345 INFO c.s.w.WeddingApplication [restartedMain] Let's inspect the beans provided by Spring Boot:
2019-04-02 22:03:09,345 INFO c.s.w.WeddingApplication [restartedMain] Starting Application!!!!!!
2019-04-02 22:03:41,327 INFO o.a.j.l.DirectJDKLog [http-nio-8080-exec-2] Initializing Spring DispatcherServlet 'dispatcherServlet'
2019-04-02 22:03:41,328 INFO o.s.w.s.FrameworkServlet [http-nio-8080-exec-2] Initializing Servlet 'dispatcherServlet'
2019-04-02 22:03:41,333 INFO o.s.w.s.FrameworkServlet [http-nio-8080-exec-2] Completed initialization in 5 ms
2019-04-02 22:03:41,446 INFO c.s.w.s.j.JwtAuthorizationTokenFilter [http-nio-8080-exec-2] authorizated user 'admin', setting security context
2019-04-02 22:05:02,413 INFO o.s.s.c.ExecutorConfigurationSupport [Thread-5] Shutting down ExecutorService 'applicationTaskExecutor'
2019-04-02 22:05:02,418 INFO o.s.o.j.AbstractEntityManagerFactoryBean [Thread-5] Closing JPA EntityManagerFactory for persistence unit 'default'
2019-04-02 22:05:02,421 INFO c.z.h.HikariDataSource [Thread-5] HikariPool-1 - Shutdown initiated...
2019-04-02 22:05:02,429 INFO c.z.h.HikariDataSource [Thread-5] HikariPool-1 - Shutdown completed.
